%Warning-TIMESCALEMOD: C:/Users/blazi/Downloads/Dual-FPGA-Trading-Engine/rtl/shared\hft_pkg.sv:7:9: Timescale missing on this module as other modules have it (IEEE 1800-2023 3.14.2.3)
    7 | package hft_pkg;
      |         ^~~~~~~
                       C:/Users/blazi/Downloads/Dual-FPGA-Trading-Engine/rtl/board_a\board_a_axi_regs.sv:12:8: ... Location of module with timescale
   12 | module board_a_axi_regs
      |        ^~~~~~~~~~~~~~~~
                       ... For warning description see https://verilator.org/warn/TIMESCALEMOD?v=5.046
                       ... Use "/* verilator lint_off TIMESCALEMOD */" and lint_on around source to disable this message.
make: Entering directory '/c/Users/blazi/Downloads/Dual-FPGA-Trading-Engine/build/verilator/tb_strategy_engine'
g++ -Os  -I.  -MMD -IC:/msys64/ucrt64/share/verilator/include -IC:/msys64/ucrt64/share/verilator/include/vltstd -DVERILATOR=1 -DVM_COVERAGE=0 -DVM_SC=0 -DVM_TIMING=1 -DVM_TRACE=0 -DVM_TRACE_FST=0 -DVM_TRACE_VCD=0 -DVM_TRACE_SAIF=0 -faligned-new -fcf-protection=none -Wno-bool-operation -Wno-int-in-bool-context -Wno-shadow -Wno-sign-compare -Wno-subobject-linkage -Wno-tautological-compare -Wno-uninitialized -Wno-unused-but-set-parameter -Wno-unused-but-set-variable -Wno-unused-parameter -Wno-unused-variable    -DVL_TIME_CONTEXT   -fcoroutines -c -o verilated.o C:/msys64/ucrt64/share/verilator/include/verilated.cpp
g++ -Os  -I.  -MMD -IC:/msys64/ucrt64/share/verilator/include -IC:/msys64/ucrt64/share/verilator/include/vltstd -DVERILATOR=1 -DVM_COVERAGE=0 -DVM_SC=0 -DVM_TIMING=1 -DVM_TRACE=0 -DVM_TRACE_FST=0 -DVM_TRACE_VCD=0 -DVM_TRACE_SAIF=0 -faligned-new -fcf-protection=none -Wno-bool-operation -Wno-int-in-bool-context -Wno-shadow -Wno-sign-compare -Wno-subobject-linkage -Wno-tautological-compare -Wno-uninitialized -Wno-unused-but-set-parameter -Wno-unused-but-set-variable -Wno-unused-parameter -Wno-unused-variable    -DVL_TIME_CONTEXT   -fcoroutines -c -o verilated_timing.o C:/msys64/ucrt64/share/verilator/include/verilated_timing.cpp
g++ -Os  -I.  -MMD -IC:/msys64/ucrt64/share/verilator/include -IC:/msys64/ucrt64/share/verilator/include/vltstd -DVERILATOR=1 -DVM_COVERAGE=0 -DVM_SC=0 -DVM_TIMING=1 -DVM_TRACE=0 -DVM_TRACE_FST=0 -DVM_TRACE_VCD=0 -DVM_TRACE_SAIF=0 -faligned-new -fcf-protection=none -Wno-bool-operation -Wno-int-in-bool-context -Wno-shadow -Wno-sign-compare -Wno-subobject-linkage -Wno-tautological-compare -Wno-uninitialized -Wno-unused-but-set-parameter -Wno-unused-but-set-variable -Wno-unused-parameter -Wno-unused-variable    -DVL_TIME_CONTEXT   -fcoroutines -c -o verilated_threads.o C:/msys64/ucrt64/share/verilator/include/verilated_threads.cpp
python3 C:/msys64/ucrt64/share/verilator/bin/verilator_includer -DVL_INCLUDE_OPT=include Vtb_strategy_engine.cpp Vtb_strategy_engine___024root__0.cpp Vtb_strategy_engine__main.cpp Vtb_strategy_engine___024root__Slow.cpp Vtb_strategy_engine___024root__0__Slow.cpp Vtb_strategy_engine___024unit__Slow.cpp Vtb_strategy_engine___024unit__0__Slow.cpp Vtb_strategy_engine__Syms__Slow.cpp > Vtb_strategy_engine__ALL.cpp
g++ -Os  -I.  -MMD -IC:/msys64/ucrt64/share/verilator/include -IC:/msys64/ucrt64/share/verilator/include/vltstd -DVERILATOR=1 -DVM_COVERAGE=0 -DVM_SC=0 -DVM_TIMING=1 -DVM_TRACE=0 -DVM_TRACE_FST=0 -DVM_TRACE_VCD=0 -DVM_TRACE_SAIF=0 -faligned-new -fcf-protection=none -Wno-bool-operation -Wno-int-in-bool-context -Wno-shadow -Wno-sign-compare -Wno-subobject-linkage -Wno-tautological-compare -Wno-uninitialized -Wno-unused-but-set-parameter -Wno-unused-but-set-variable -Wno-unused-parameter -Wno-unused-variable    -DVL_TIME_CONTEXT   -fcoroutines -c -o Vtb_strategy_engine__ALL.o Vtb_strategy_engine__ALL.cpp
g++    verilated.o verilated_timing.o verilated_threads.o Vtb_strategy_engine__ALL.a    -pthread -lpthread -latomic   -o Vtb_strategy_engine
rm Vtb_strategy_engine__ALL.verilator_deplist.tmp
make: Leaving directory '/c/Users/blazi/Downloads/Dual-FPGA-Trading-Engine/build/verilator/tb_strategy_engine'
- V e r i l a t i o n   R e p o r t: Verilator 5.046 2026-02-28 rev vUNKNOWN-built20260314
- Verilator: Built from 2.667 MB sources in 28 modules, into 0.028 MB in 8 C++ files needing 0.000 MB
- Verilator: Walltime 6.146 s (elab=0.004, cvt=0.008, bld=6.078); cpu 0.000 s on 16 threads; allocated 16.922 MB
