
*** Running vivado
    with args -log system_wrapper.vdi -applog -m64 -product Vivado -messageDb vivado.pb -mode batch -source system_wrapper.tcl -notrace



****** Vivado v2025.2 (64-bit)
  **** SW Build 6299465 on Fri Nov 14 19:35:11 GMT 2025
  **** IP Build 6300035 on Fri Nov 14 10:48:45 MST 2025
  **** SharedData Build 6298862 on Thu Nov 13 04:50:51 MST 2025
  **** Start of session at: Thu Apr 16 07:44:25 2026
    ** Copyright 1986-2022 Xilinx, Inc. All Rights Reserved.
    ** Copyright 2022-2025 Advanced Micro Devices, Inc. All Rights Reserved.

source system_wrapper.tcl -notrace
create_project: Time (s): cpu = 00:00:11 ; elapsed = 00:00:07 . Memory (MB): peak = 531.883 ; gain = 219.516
INFO: [IP_Flow 19-234] Refreshing IP repositories
INFO: [IP_Flow 19-1704] No user IP repositories specified
INFO: [IP_Flow 19-2313] Loaded Vivado IP repository 'C:/AMDDesignTools/2025.2/Vivado/data/ip'.
Command: link_design -top system_wrapper -part xczu3eg-sfvc784-2-e
Design is defaulting to srcset: sources_1
Design is defaulting to constrset: constrs_1
INFO: [Device 21-403] Loading part xczu3eg-sfvc784-2-e
INFO: [Project 1-5699] Read binary netlist with skipMacroContent - 1
INFO: [Project 1-454] Reading design checkpoint 'c:/Users/Kushal Agrawal/UW-madison school work/Dual-FPGA-Trading-Engine/vivado/hft_board_b/hft_board_b.gen/sources_1/bd/system/ip/system_axi_sc_0/system_axi_sc_0.dcp' for cell 'system_i/axi_sc'
INFO: [Project 1-454] Reading design checkpoint 'c:/Users/Kushal Agrawal/UW-madison school work/Dual-FPGA-Trading-Engine/vivado/hft_board_b/hft_board_b.gen/sources_1/bd/system/ip/system_hft_core_0/system_hft_core_0.dcp' for cell 'system_i/hft_core'
INFO: [Project 1-454] Reading design checkpoint 'c:/Users/Kushal Agrawal/UW-madison school work/Dual-FPGA-Trading-Engine/vivado/hft_board_b/hft_board_b.gen/sources_1/bd/system/ip/system_rst_sys_0/system_rst_sys_0.dcp' for cell 'system_i/rst_sys'
INFO: [Project 1-454] Reading design checkpoint 'c:/Users/Kushal Agrawal/UW-madison school work/Dual-FPGA-Trading-Engine/vivado/hft_board_b/hft_board_b.gen/sources_1/bd/system/ip/system_zynq_ps_0/system_zynq_ps_0.dcp' for cell 'system_i/zynq_ps'
Netlist sorting complete. Time (s): cpu = 00:00:00 ; elapsed = 00:00:00.221 . Memory (MB): peak = 1609.273 ; gain = 0.000
INFO: [Netlist 29-17] Analyzing 388 Unisim elements for replacement
INFO: [Netlist 29-28] Unisim Transformation completed in 0 CPU seconds
INFO: [Project 1-479] Netlist was created with Vivado 2025.2
INFO: [Project 1-570] Preparing netlist for logic optimization
Parsing XDC File [c:/Users/Kushal Agrawal/UW-madison school work/Dual-FPGA-Trading-Engine/vivado/hft_board_b/hft_board_b.gen/sources_1/bd/system/ip/system_zynq_ps_0/system_zynq_ps_0.xdc] for cell 'system_i/zynq_ps/inst'
create_clock: Time (s): cpu = 00:00:08 ; elapsed = 00:00:08 . Memory (MB): peak = 1609.273 ; gain = 0.000
Finished Parsing XDC File [c:/Users/Kushal Agrawal/UW-madison school work/Dual-FPGA-Trading-Engine/vivado/hft_board_b/hft_board_b.gen/sources_1/bd/system/ip/system_zynq_ps_0/system_zynq_ps_0.xdc] for cell 'system_i/zynq_ps/inst'
Parsing XDC File [c:/Users/Kushal Agrawal/UW-madison school work/Dual-FPGA-Trading-Engine/vivado/hft_board_b/hft_board_b.gen/sources_1/bd/system/ip/system_axi_sc_0/bd_0/ip/ip_1/bd_0cf0_psr_aclk_0_board.xdc] for cell 'system_i/axi_sc/inst/clk_map/psr_aclk/U0'
Finished Parsing XDC File [c:/Users/Kushal Agrawal/UW-madison school work/Dual-FPGA-Trading-Engine/vivado/hft_board_b/hft_board_b.gen/sources_1/bd/system/ip/system_axi_sc_0/bd_0/ip/ip_1/bd_0cf0_psr_aclk_0_board.xdc] for cell 'system_i/axi_sc/inst/clk_map/psr_aclk/U0'
Parsing XDC File [c:/Users/Kushal Agrawal/UW-madison school work/Dual-FPGA-Trading-Engine/vivado/hft_board_b/hft_board_b.gen/sources_1/bd/system/ip/system_axi_sc_0/smartconnect.xdc] for cell 'system_i/axi_sc/inst'
Finished Parsing XDC File [c:/Users/Kushal Agrawal/UW-madison school work/Dual-FPGA-Trading-Engine/vivado/hft_board_b/hft_board_b.gen/sources_1/bd/system/ip/system_axi_sc_0/smartconnect.xdc] for cell 'system_i/axi_sc/inst'
Parsing XDC File [c:/Users/Kushal Agrawal/UW-madison school work/Dual-FPGA-Trading-Engine/vivado/hft_board_b/hft_board_b.gen/sources_1/bd/system/ip/system_rst_sys_0/system_rst_sys_0_board.xdc] for cell 'system_i/rst_sys/U0'
Finished Parsing XDC File [c:/Users/Kushal Agrawal/UW-madison school work/Dual-FPGA-Trading-Engine/vivado/hft_board_b/hft_board_b.gen/sources_1/bd/system/ip/system_rst_sys_0/system_rst_sys_0_board.xdc] for cell 'system_i/rst_sys/U0'
Parsing XDC File [C:/Users/Kushal Agrawal/UW-madison school work/Dual-FPGA-Trading-Engine/constraints/hft_top.xdc]
Finished Parsing XDC File [C:/Users/Kushal Agrawal/UW-madison school work/Dual-FPGA-Trading-Engine/constraints/hft_top.xdc]
INFO: [Project 1-1714] 18 XPM XDC files have been applied to the design.
INFO: [Opt 31-138] Pushed 0 inverter(s) to 0 load pin(s).
Netlist sorting complete. Time (s): cpu = 00:00:00 ; elapsed = 00:00:00.008 . Memory (MB): peak = 2320.223 ; gain = 0.000
INFO: [Project 1-111] Unisim Transformation Summary:
  A total of 24 instances were transformed.
  DSP48E2 => DSP48E2 (DSP_ALU, DSP_A_B_DATA, DSP_C_DATA, DSP_MULTIPLIER, DSP_M_DATA, DSP_OUTPUT, DSP_PREADD, DSP_PREADD_DATA): 6 instances
  IBUF => IBUF (IBUFCTRL, INBUF): 18 instances

16 Infos, 0 Warnings, 0 Critical Warnings and 0 Errors encountered.
link_design completed successfully
link_design: Time (s): cpu = 00:00:39 ; elapsed = 00:00:42 . Memory (MB): peak = 2320.223 ; gain = 1720.223
Command: opt_design
Attempting to get a license for feature 'Implementation' and/or device 'xczu3eg'
INFO: [Common 17-349] Got license for feature 'Implementation' and/or device 'xczu3eg'
Running DRC as a precondition to command opt_design

Starting DRC Task
INFO: [DRC 23-27] Running DRC with 2 threads
INFO: [Project 1-461] DRC finished with 0 Errors
INFO: [Project 1-462] Please refer to the DRC report (report_drc) for more information.

Time (s): cpu = 00:00:02 ; elapsed = 00:00:00.974 . Memory (MB): peak = 2320.223 ; gain = 0.000

Starting Cache Timing Information Task
INFO: [Timing 38-35] Done setting XDC timing constraints.
Ending Cache Timing Information Task | Checksum: 20a0c025d

Time (s): cpu = 00:00:02 ; elapsed = 00:00:02 . Memory (MB): peak = 2320.223 ; gain = 0.000

Starting Logic Optimization Task

Phase 1 Initialization

Phase 1.1 Core Generation And Design Setup
Phase 1.1 Core Generation And Design Setup | Checksum: 20a0c025d

Time (s): cpu = 00:00:00 ; elapsed = 00:00:00.040 . Memory (MB): peak = 2768.250 ; gain = 0.000

Phase 1.2 Setup Constraints And Sort Netlist
Phase 1.2 Setup Constraints And Sort Netlist | Checksum: 20a0c025d

Time (s): cpu = 00:00:00 ; elapsed = 00:00:00.065 . Memory (MB): peak = 2768.250 ; gain = 0.000
Phase 1 Initialization | Checksum: 20a0c025d

Time (s): cpu = 00:00:00 ; elapsed = 00:00:00.069 . Memory (MB): peak = 2768.250 ; gain = 0.000

Phase 2 Timer Update And Timing Data Collection

Phase 2.1 Detect if minReqCache needed
Phase 2.1 Detect if minReqCache needed | Checksum: 20a0c025d

Time (s): cpu = 00:00:00 ; elapsed = 00:00:00.113 . Memory (MB): peak = 2768.250 ; gain = 0.000

Phase 2.2 Timer Update
Phase 2.2 Timer Update | Checksum: 20a0c025d

Time (s): cpu = 00:00:00 ; elapsed = 00:00:00.442 . Memory (MB): peak = 2768.250 ; gain = 0.000

Phase 2.3 Timing Data Collection
Phase 2.3 Timing Data Collection | Checksum: 20a0c025d

Time (s): cpu = 00:00:00 ; elapsed = 00:00:00.456 . Memory (MB): peak = 2768.250 ; gain = 0.000
Phase 2 Timer Update And Timing Data Collection | Checksum: 20a0c025d

Time (s): cpu = 00:00:00 ; elapsed = 00:00:00.458 . Memory (MB): peak = 2768.250 ; gain = 0.000

Phase 3 Retarget
INFO: [Opt 31-1851] Number of loadless carry chains removed were: 0
INFO: [Opt 31-1834] Total Chains To Be Transformed Were: 0 AND Number of Transformed insts Created are: 0
INFO: [Opt 31-138] Pushed 31 inverter(s) to 4143 load pin(s).
INFO: [Opt 31-49] Retargeted 0 cell(s).
Phase 3 Retarget | Checksum: 22bbe7dca

Time (s): cpu = 00:00:01 ; elapsed = 00:00:01 . Memory (MB): peak = 2768.250 ; gain = 0.000
Retarget | Checksum: 22bbe7dca
INFO: [Opt 31-389] Phase Retarget created 2 cells and removed 298 cells
INFO: [Opt 31-1021] In phase Retarget, 20 netlist objects are constrained preventing optimization. Please run opt_design with -debug_log to get more detail. 

Phase 4 Constant propagation
INFO: [Opt 31-138] Pushed 0 inverter(s) to 0 load pin(s).
Phase 4 Constant propagation | Checksum: 1a5f8db3a

Time (s): cpu = 00:00:01 ; elapsed = 00:00:02 . Memory (MB): peak = 2768.250 ; gain = 0.000
Constant propagation | Checksum: 1a5f8db3a
INFO: [Opt 31-389] Phase Constant propagation created 3 cells and removed 8 cells
INFO: [Opt 31-1021] In phase Constant propagation, 20 netlist objects are constrained preventing optimization. Please run opt_design with -debug_log to get more detail. 

Phase 5 Sweep
INFO: [Constraints 18-11670] Building netlist checker database with flags, 0x8
Done building netlist checker database: Time (s): cpu = 00:00:00 ; elapsed = 00:00:00.006 . Memory (MB): peak = 2768.250 ; gain = 0.000
INFO: [Constraints 18-11670] Building netlist checker database with flags, 0x8
Done building netlist checker database: Time (s): cpu = 00:00:00 ; elapsed = 00:00:00.006 . Memory (MB): peak = 2768.250 ; gain = 0.000
Phase 5 Sweep | Checksum: 205a4a0a7

Time (s): cpu = 00:00:02 ; elapsed = 00:00:03 . Memory (MB): peak = 2768.250 ; gain = 0.000
Sweep | Checksum: 205a4a0a7
INFO: [Opt 31-389] Phase Sweep created 0 cells and removed 72 cells
INFO: [Opt 31-1021] In phase Sweep, 26 netlist objects are constrained preventing optimization. Please run opt_design with -debug_log to get more detail. 

Phase 6 BUFG optimization
INFO: [Opt 31-1077] Phase BUFG optimization inserted 0 global clock buffer(s) for CLOCK_LOW_FANOUT.
Phase 6 BUFG optimization | Checksum: 205a4a0a7

Time (s): cpu = 00:00:03 ; elapsed = 00:00:03 . Memory (MB): peak = 2768.250 ; gain = 0.000
BUFG optimization | Checksum: 205a4a0a7
INFO: [Opt 31-662] Phase BUFG optimization created 0 cells of which 0 are BUFGs and removed 0 cells.

Phase 7 Shift Register Optimization
INFO: [Opt 31-1064] SRL Remap converted 0 SRLs to 0 registers and converted 0 registers of register chains to 0 SRLs
Phase 7 Shift Register Optimization | Checksum: 205a4a0a7

Time (s): cpu = 00:00:03 ; elapsed = 00:00:03 . Memory (MB): peak = 2768.250 ; gain = 0.000
Shift Register Optimization | Checksum: 205a4a0a7
INFO: [Opt 31-389] Phase Shift Register Optimization created 0 cells and removed 0 cells

Phase 8 Post Processing Netlist
Phase 8 Post Processing Netlist | Checksum: 2433dd513

Time (s): cpu = 00:00:03 ; elapsed = 00:00:03 . Memory (MB): peak = 2768.250 ; gain = 0.000
Post Processing Netlist | Checksum: 2433dd513
INFO: [Opt 31-389] Phase Post Processing Netlist created 0 cells and removed 0 cells
INFO: [Opt 31-1021] In phase Post Processing Netlist, 20 netlist objects are constrained preventing optimization. Please run opt_design with -debug_log to get more detail. 

Phase 9 Finalization

Phase 9.1 Finalizing Design Cores and Updating Shapes
Phase 9.1 Finalizing Design Cores and Updating Shapes | Checksum: 2d67f50b4

Time (s): cpu = 00:00:03 ; elapsed = 00:00:03 . Memory (MB): peak = 2768.250 ; gain = 0.000

Phase 9.2 Verifying Netlist Connectivity

Starting Connectivity Check Task

Time (s): cpu = 00:00:00 ; elapsed = 00:00:00.033 . Memory (MB): peak = 2768.250 ; gain = 0.000
Phase 9.2 Verifying Netlist Connectivity | Checksum: 2d67f50b4

Time (s): cpu = 00:00:03 ; elapsed = 00:00:03 . Memory (MB): peak = 2768.250 ; gain = 0.000
Phase 9 Finalization | Checksum: 2d67f50b4

Time (s): cpu = 00:00:03 ; elapsed = 00:00:03 . Memory (MB): peak = 2768.250 ; gain = 0.000
Opt_design Change Summary
=========================


-------------------------------------------------------------------------------------------------------------------------
|  Phase                        |  #Cells created  |  #Cells Removed  |  #Constrained objects preventing optimizations  |
-------------------------------------------------------------------------------------------------------------------------
|  Retarget                     |               2  |             298  |                                             20  |
|  Constant propagation         |               3  |               8  |                                             20  |
|  Sweep                        |               0  |              72  |                                             26  |
|  BUFG optimization            |               0  |               0  |                                              0  |
|  Shift Register Optimization  |               0  |               0  |                                              0  |
|  Post Processing Netlist      |               0  |               0  |                                             20  |
-------------------------------------------------------------------------------------------------------------------------


Ending Logic Optimization Task | Checksum: 2d67f50b4

Time (s): cpu = 00:00:03 ; elapsed = 00:00:03 . Memory (MB): peak = 2768.250 ; gain = 0.000

Starting Power Optimization Task
INFO: [Pwropt 34-132] Skipping clock gating for clocks with a period < 2.00 ns.
Ending Power Optimization Task | Checksum: 2d67f50b4

Time (s): cpu = 00:00:00 ; elapsed = 00:00:00.035 . Memory (MB): peak = 2768.250 ; gain = 0.000

Starting Final Cleanup Task
Ending Final Cleanup Task | Checksum: 2d67f50b4

Time (s): cpu = 00:00:00 ; elapsed = 00:00:00.002 . Memory (MB): peak = 2768.250 ; gain = 0.000
Netlist sorting complete. Time (s): cpu = 00:00:00 ; elapsed = 00:00:00.007 . Memory (MB): peak = 2768.250 ; gain = 0.000
INFO: [Common 17-83] Releasing license: Implementation
42 Infos, 0 Warnings, 0 Critical Warnings and 0 Errors encountered.
opt_design completed successfully
opt_design: Time (s): cpu = 00:00:12 ; elapsed = 00:00:11 . Memory (MB): peak = 2768.250 ; gain = 448.027
INFO: [Vivado 12-24828] Executing command : report_drc -file system_wrapper_drc_opted.rpt -pb system_wrapper_drc_opted.pb -rpx system_wrapper_drc_opted.rpx
Command: report_drc -file system_wrapper_drc_opted.rpt -pb system_wrapper_drc_opted.pb -rpx system_wrapper_drc_opted.rpx
INFO: [IP_Flow 19-1839] IP Catalog is up to date.
INFO: [DRC 23-27] Running DRC with 2 threads
INFO: [Vivado_Tcl 2-168] The results of DRC are in file C:/Users/Kushal Agrawal/UW-madison school work/Dual-FPGA-Trading-Engine/vivado/hft_board_b/hft_board_b.runs/impl_1/system_wrapper_drc_opted.rpt.
report_drc completed successfully
report_drc: Time (s): cpu = 00:00:09 ; elapsed = 00:00:08 . Memory (MB): peak = 2768.250 ; gain = 0.000
generate_parallel_reports: Time (s): cpu = 00:00:09 ; elapsed = 00:00:08 . Memory (MB): peak = 2768.250 ; gain = 0.000
INFO: [Timing 38-480] Writing timing data to binary archive.
Wrote PlaceDB: Time (s): cpu = 00:00:00 ; elapsed = 00:00:00.005 . Memory (MB): peak = 2768.250 ; gain = 0.000
Wrote PulsedLatchDB: Time (s): cpu = 00:00:00 ; elapsed = 00:00:00 . Memory (MB): peak = 2768.250 ; gain = 0.000
Writing XDEF routing.
Write ShapeDB Complete: Time (s): cpu = 00:00:00 ; elapsed = 00:00:00.034 . Memory (MB): peak = 2768.250 ; gain = 0.000
Writing XDEF routing logical nets.
Writing XDEF routing special nets.
Wrote RouteStorage: Time (s): cpu = 00:00:00 ; elapsed = 00:00:00.120 . Memory (MB): peak = 2768.250 ; gain = 0.000
Wrote Netlist Cache: Time (s): cpu = 00:00:00 ; elapsed = 00:00:00.001 . Memory (MB): peak = 2768.250 ; gain = 0.000
Wrote Device Cache: Time (s): cpu = 00:00:00 ; elapsed = 00:00:00.055 . Memory (MB): peak = 2768.250 ; gain = 0.000
Write Physdb Complete: Time (s): cpu = 00:00:00 ; elapsed = 00:00:00.204 . Memory (MB): peak = 2768.250 ; gain = 0.000
INFO: [Common 17-1381] The checkpoint 'C:/Users/Kushal Agrawal/UW-madison school work/Dual-FPGA-Trading-Engine/vivado/hft_board_b/hft_board_b.runs/impl_1/system_wrapper_opt.dcp' has been generated.
Command: place_design
Attempting to get a license for feature 'Implementation' and/or device 'xczu3eg'
INFO: [Common 17-349] Got license for feature 'Implementation' and/or device 'xczu3eg'
INFO: [Common 17-83] Releasing license: Implementation
INFO: [DRC 23-27] Running DRC with 2 threads
INFO: [Vivado_Tcl 4-198] DRC finished with 0 Errors
INFO: [Vivado_Tcl 4-199] Please refer to the DRC report (report_drc) for more information.
INFO: [Timing 38-35] Done setting XDC timing constraints.
Running DRC as a precondition to command place_design
INFO: [DRC 23-27] Running DRC with 2 threads
INFO: [Vivado_Tcl 4-198] DRC finished with 0 Errors
INFO: [Vivado_Tcl 4-199] Please refer to the DRC report (report_drc) for more information.
INFO: [Place 30-611] Multithreading enabled for place_design using a maximum of 2 CPUs

Starting Placer Task

Phase 1 Placer Initialization

Phase 1.1 Placer Initialization Netlist Sorting
Netlist sorting complete. Time (s): cpu = 00:00:00 ; elapsed = 00:00:00.006 . Memory (MB): peak = 2786.336 ; gain = 0.000
Phase 1.1 Placer Initialization Netlist Sorting | Checksum: 1f87f12c4

Time (s): cpu = 00:00:00 ; elapsed = 00:00:00.021 . Memory (MB): peak = 2786.336 ; gain = 0.000
Netlist sorting complete. Time (s): cpu = 00:00:00 ; elapsed = 00:00:00.006 . Memory (MB): peak = 2786.336 ; gain = 0.000

Phase 1.2 IO Placement/ Clock Placement/ Build Placer Device
Phase 1.2 IO Placement/ Clock Placement/ Build Placer Device | Checksum: 1488042d5

Time (s): cpu = 00:00:15 ; elapsed = 00:00:15 . Memory (MB): peak = 3461.082 ; gain = 674.746

Phase 1.3 Build Placer Netlist Model
Phase 1.3 Build Placer Netlist Model | Checksum: 1b006c579

Time (s): cpu = 00:00:21 ; elapsed = 00:00:20 . Memory (MB): peak = 3461.082 ; gain = 674.746

Phase 1.4 Constrain Clocks/Macros
Phase 1.4 Constrain Clocks/Macros | Checksum: 1b006c579

Time (s): cpu = 00:00:21 ; elapsed = 00:00:20 . Memory (MB): peak = 3461.082 ; gain = 674.746
Phase 1 Placer Initialization | Checksum: 1b006c579

Time (s): cpu = 00:00:22 ; elapsed = 00:00:20 . Memory (MB): peak = 3461.082 ; gain = 674.746

Phase 2 Global Placement

Phase 2.1 Floorplanning

Phase 2.1.1 Partition Driven Placement

Phase 2.1.1.1 PBP: Partition Driven Placement
Phase 2.1.1.1 PBP: Partition Driven Placement | Checksum: 1fe0d38e6

Time (s): cpu = 00:00:27 ; elapsed = 00:00:23 . Memory (MB): peak = 3461.082 ; gain = 674.746

Phase 2.1.1.2 PBP: Clock Region Placement
INFO: [Place 30-3162] Check ILP status : ILP-based clock placer completed successfully.
Phase 2.1.1.2 PBP: Clock Region Placement | Checksum: 20edd0fbd

Time (s): cpu = 00:00:28 ; elapsed = 00:00:24 . Memory (MB): peak = 3461.082 ; gain = 674.746

Phase 2.1.1.3 PBP: Compute Congestion
Phase 2.1.1.3 PBP: Compute Congestion | Checksum: 20edd0fbd

Time (s): cpu = 00:00:41 ; elapsed = 00:00:31 . Memory (MB): peak = 3461.082 ; gain = 674.746

Phase 2.1.1.4 PBP: UpdateTiming
Phase 2.1.1.4 PBP: UpdateTiming | Checksum: 18c8cf9f1

Time (s): cpu = 00:00:42 ; elapsed = 00:00:32 . Memory (MB): peak = 3461.082 ; gain = 674.746

Phase 2.1.1.5 PBP: Add part constraints
Phase 2.1.1.5 PBP: Add part constraints | Checksum: 18c8cf9f1

Time (s): cpu = 00:00:42 ; elapsed = 00:00:32 . Memory (MB): peak = 3461.082 ; gain = 674.746
Phase 2.1.1 Partition Driven Placement | Checksum: 18c8cf9f1

Time (s): cpu = 00:00:43 ; elapsed = 00:00:32 . Memory (MB): peak = 3461.082 ; gain = 674.746
Phase 2.1 Floorplanning | Checksum: 244ad8533

Time (s): cpu = 00:00:43 ; elapsed = 00:00:32 . Memory (MB): peak = 3461.082 ; gain = 674.746

Phase 2.2 Update Timing before SLR Path Opt
Phase 2.2 Update Timing before SLR Path Opt | Checksum: 244ad8533

Time (s): cpu = 00:00:43 ; elapsed = 00:00:32 . Memory (MB): peak = 3461.082 ; gain = 674.746

Phase 2.3 Post-Processing in Floorplanning
Phase 2.3 Post-Processing in Floorplanning | Checksum: 244ad8533

Time (s): cpu = 00:00:43 ; elapsed = 00:00:32 . Memory (MB): peak = 3461.082 ; gain = 674.746

Phase 2.4 Global Place Phase1
Phase 2.4 Global Place Phase1 | Checksum: 148f1ccaf

Time (s): cpu = 00:01:41 ; elapsed = 00:01:04 . Memory (MB): peak = 3461.082 ; gain = 674.746

Phase 2.5 Global Place Phase2

Phase 2.5.1 UpdateTiming Before Physical Synthesis
Phase 2.5.1 UpdateTiming Before Physical Synthesis | Checksum: 1e3499956

Time (s): cpu = 00:01:44 ; elapsed = 00:01:06 . Memory (MB): peak = 3461.082 ; gain = 674.746

Phase 2.5.2 Physical Synthesis In Placer
INFO: [Physopt 32-1035] Found 0 LUTNM shape to break, 398 LUT instances to create LUTNM shape
INFO: [Physopt 32-1044] Break lutnm for timing: one critical 0, two critical 0, total 0, new lutff created 0
INFO: [Physopt 32-1138] End 1 Pass. Optimized 63 nets or LUTs. Breaked 0 LUT, combined 63 existing LUTs and moved 0 existing LUT
INFO: [Physopt 32-670] No setup violation found.  Equivalent Driver Rewiring was not performed.
INFO: [Physopt 32-65] No nets found for high-fanout optimization.
INFO: [Physopt 32-232] Optimized 0 net. Created 0 new instance.
INFO: [Physopt 32-775] End 1 Pass. Optimized 0 net or cell. Created 0 new cell, deleted 0 existing cell and moved 0 existing cell
INFO: [Physopt 32-670] No setup violation found.  DSP Register Optimization was not performed.
INFO: [Physopt 32-670] No setup violation found.  Shift Register to Pipeline Optimization was not performed.
INFO: [Physopt 32-670] No setup violation found.  Shift Register Optimization was not performed.
INFO: [Physopt 32-670] No setup violation found.  BRAM Register Optimization was not performed.
INFO: [Physopt 32-670] No setup violation found.  URAM Register Optimization was not performed.
INFO: [Physopt 32-949] No candidate nets found for dynamic/static region interface net replication
INFO: [Physopt 32-775] End 1 Pass. Optimized 0 net or cell. Created 0 new cell, deleted 0 existing cell and moved 0 existing cell
Netlist sorting complete. Time (s): cpu = 00:00:01 ; elapsed = 00:00:00.008 . Memory (MB): peak = 3461.082 ; gain = 0.000

Summary of Physical Synthesis Optimizations
============================================


-----------------------------------------------------------------------------------------------------------------------------------------------------------
|  Optimization                                     |  Added Cells  |  Removed Cells  |  Optimized Cells/Nets  |  Dont Touch  |  Iterations  |  Elapsed   |
-----------------------------------------------------------------------------------------------------------------------------------------------------------
|  LUT Combining                                    |            0  |             63  |                    63  |           0  |           1  |  00:00:00  |
|  Retime                                           |            0  |              0  |                     0  |           0  |           1  |  00:00:00  |
|  Equivalent Driver Rewiring                       |            0  |              0  |                     0  |           0  |           0  |  00:00:00  |
|  Very High Fanout                                 |            0  |              0  |                     0  |           0  |           1  |  00:00:00  |
|  DSP Register                                     |            0  |              0  |                     0  |           0  |           0  |  00:00:00  |
|  Shift Register to Pipeline                       |            0  |              0  |                     0  |           0  |           0  |  00:00:00  |
|  Shift Register                                   |            0  |              0  |                     0  |           0  |           0  |  00:00:00  |
|  BRAM Register                                    |            0  |              0  |                     0  |           0  |           0  |  00:00:00  |
|  URAM Register                                    |            0  |              0  |                     0  |           0  |           0  |  00:00:00  |
|  Dynamic/Static Region Interface Net Replication  |            0  |              0  |                     0  |           0  |           1  |  00:00:00  |
|  Total                                            |            0  |             63  |                    63  |           0  |           4  |  00:00:00  |
-----------------------------------------------------------------------------------------------------------------------------------------------------------


Phase 2.5.2 Physical Synthesis In Placer | Checksum: 174e9b099

Time (s): cpu = 00:01:47 ; elapsed = 00:01:08 . Memory (MB): peak = 3461.082 ; gain = 674.746
Phase 2.5 Global Place Phase2 | Checksum: 18d7e1005

Time (s): cpu = 00:02:02 ; elapsed = 00:01:16 . Memory (MB): peak = 3461.082 ; gain = 674.746
Phase 2 Global Placement | Checksum: 18d7e1005

Time (s): cpu = 00:02:02 ; elapsed = 00:01:16 . Memory (MB): peak = 3461.082 ; gain = 674.746

Phase 3 Detail Placement

Phase 3.1 Commit Multi Column Macros
Phase 3.1 Commit Multi Column Macros | Checksum: 1e6ab4965

Time (s): cpu = 00:02:18 ; elapsed = 00:01:25 . Memory (MB): peak = 3461.082 ; gain = 674.746

Phase 3.2 Commit Most Macros & LUTRAMs
Phase 3.2 Commit Most Macros & LUTRAMs | Checksum: 2a4adcfc6

Time (s): cpu = 00:02:20 ; elapsed = 00:01:26 . Memory (MB): peak = 3461.082 ; gain = 674.746

Phase 3.3 Small Shape DP

Phase 3.3.1 Small Shape Clustering
Phase 3.3.1 Small Shape Clustering | Checksum: 221deb2c8

Time (s): cpu = 00:02:52 ; elapsed = 00:01:44 . Memory (MB): peak = 3461.082 ; gain = 674.746

Phase 3.3.2 Slice Area Swap

Phase 3.3.2.1 Slice Area Swap Initial
Phase 3.3.2.1 Slice Area Swap Initial | Checksum: 2813eb85f

Time (s): cpu = 00:03:10 ; elapsed = 00:01:55 . Memory (MB): peak = 3461.082 ; gain = 674.746
Phase 3.3.2 Slice Area Swap | Checksum: 2813eb85f

Time (s): cpu = 00:03:10 ; elapsed = 00:01:55 . Memory (MB): peak = 3461.082 ; gain = 674.746
Phase 3.3 Small Shape DP | Checksum: 1ec09aad6

Time (s): cpu = 00:03:42 ; elapsed = 00:02:13 . Memory (MB): peak = 3461.082 ; gain = 674.746

Phase 3.4 Re-assign LUT pins
Phase 3.4 Re-assign LUT pins | Checksum: 1fcb4c684

Time (s): cpu = 00:03:44 ; elapsed = 00:02:14 . Memory (MB): peak = 3461.082 ; gain = 674.746

Phase 3.5 Pipeline Register Optimization
Phase 3.5 Pipeline Register Optimization | Checksum: 14187461d

Time (s): cpu = 00:03:44 ; elapsed = 00:02:15 . Memory (MB): peak = 3461.082 ; gain = 674.746
Phase 3 Detail Placement | Checksum: 14187461d

Time (s): cpu = 00:03:44 ; elapsed = 00:02:15 . Memory (MB): peak = 3461.082 ; gain = 674.746

Phase 4 Post Placement Optimization and Clean-Up

Phase 4.1 Post Commit Optimization
INFO: [Timing 38-35] Done setting XDC timing constraints.

Phase 4.1.1 Post Placement Optimization
Post Placement Optimization Initialization | Checksum: 136b12481

Phase 4.1.1.1 BUFG Insertion

Starting Physical Synthesis Task

Phase 1 Physical Synthesis Initialization
INFO: [Physopt 32-721] Multithreading enabled for phys_opt_design using a maximum of 2 CPUs
INFO: [Physopt 32-619] Estimated Timing Summary | WNS=13.916 | TNS=0.000 |
Phase 1 Physical Synthesis Initialization | Checksum: 1eced1c75

Time (s): cpu = 00:00:00 ; elapsed = 00:00:00.313 . Memory (MB): peak = 3461.082 ; gain = 0.000
INFO: [Place 46-35] Processed net system_i/rst_sys/U0/peripheral_aresetn[0], inserted BUFG to drive 4049 loads.
INFO: [Place 46-45] Replicated bufg driver system_i/rst_sys/U0/ACTIVE_LOW_PR_OUT_DFF[0].FDRE_PER_N_replica
INFO: [Place 46-56] BUFG insertion identified 1 candidate nets. Inserted BUFG: 1, Replicated BUFG Driver: 1, Skipped due to Placement/Routing Conflicts: 0, Skipped due to Timing Degradation: 0, Skipped due to netlist editing failed: 0.
Ending Physical Synthesis Task | Checksum: ab9f67f8

Time (s): cpu = 00:00:02 ; elapsed = 00:00:02 . Memory (MB): peak = 3461.082 ; gain = 0.000
Phase 4.1.1.1 BUFG Insertion | Checksum: 12e445ef0

Time (s): cpu = 00:04:07 ; elapsed = 00:02:29 . Memory (MB): peak = 3461.082 ; gain = 674.746

Phase 4.1.1.2 Post Placement Timing Optimization
INFO: [Place 30-746] Post Placement Timing Summary WNS=13.916. For the most accurate timing information please run report_timing.
Phase 4.1.1.2 Post Placement Timing Optimization | Checksum: ccc5cac4

Time (s): cpu = 00:04:07 ; elapsed = 00:02:29 . Memory (MB): peak = 3461.082 ; gain = 674.746

Time (s): cpu = 00:04:07 ; elapsed = 00:02:29 . Memory (MB): peak = 3461.082 ; gain = 674.746
Phase 4.1 Post Commit Optimization | Checksum: ccc5cac4

Time (s): cpu = 00:04:07 ; elapsed = 00:02:29 . Memory (MB): peak = 3461.082 ; gain = 674.746
Netlist sorting complete. Time (s): cpu = 00:00:00 ; elapsed = 00:00:00.011 . Memory (MB): peak = 3461.082 ; gain = 0.000

Phase 4.2 Post Placement Cleanup
Phase 4.2 Post Placement Cleanup | Checksum: 1028ffd22

Time (s): cpu = 00:04:21 ; elapsed = 00:02:37 . Memory (MB): peak = 3461.082 ; gain = 674.746

Phase 4.3 Placer Reporting

Phase 4.3.1 Print Estimated Congestion
INFO: [Place 30-612] Post-Placement Estimated Congestion 
 ________________________________________________________________________
|           | Global Congestion | Long Congestion   | Short Congestion  |
| Direction | Region Size       | Region Size       | Region Size       |
|___________|___________________|___________________|___________________|
|      North|                1x1|                1x1|                4x4|
|___________|___________________|___________________|___________________|
|      South|                1x1|                1x1|                1x1|
|___________|___________________|___________________|___________________|
|       East|                1x1|                1x1|                1x1|
|___________|___________________|___________________|___________________|
|       West|                1x1|                1x1|                2x2|
|___________|___________________|___________________|___________________|

Phase 4.3.1 Print Estimated Congestion | Checksum: 1028ffd22

Time (s): cpu = 00:04:21 ; elapsed = 00:02:37 . Memory (MB): peak = 3461.082 ; gain = 674.746
Phase 4.3 Placer Reporting | Checksum: 1028ffd22

Time (s): cpu = 00:04:21 ; elapsed = 00:02:37 . Memory (MB): peak = 3461.082 ; gain = 674.746

Phase 4.4 Final Placement Cleanup
Netlist sorting complete. Time (s): cpu = 00:00:00 ; elapsed = 00:00:00.012 . Memory (MB): peak = 3461.082 ; gain = 0.000

Time (s): cpu = 00:04:21 ; elapsed = 00:02:38 . Memory (MB): peak = 3461.082 ; gain = 674.746
Phase 4 Post Placement Optimization and Clean-Up | Checksum: eba9ff37

Time (s): cpu = 00:04:21 ; elapsed = 00:02:38 . Memory (MB): peak = 3461.082 ; gain = 674.746
Ending Placer Task | Checksum: af08fc33

Time (s): cpu = 00:04:21 ; elapsed = 00:02:38 . Memory (MB): peak = 3461.082 ; gain = 674.746
81 Infos, 0 Warnings, 0 Critical Warnings and 0 Errors encountered.
place_design completed successfully
place_design: Time (s): cpu = 00:04:28 ; elapsed = 00:02:43 . Memory (MB): peak = 3461.082 ; gain = 692.832
INFO: [Vivado 12-24838] Running report commands "report_control_sets, report_io, report_utilization" in parallel.
Running report generation with 2 threads.
INFO: [Vivado 12-24828] Executing command : report_utilization -file system_wrapper_utilization_placed.rpt -pb system_wrapper_utilization_placed.pb
INFO: [Vivado 12-24828] Executing command : report_control_sets -verbose -file system_wrapper_control_sets_placed.rpt
report_control_sets: Time (s): cpu = 00:00:00 ; elapsed = 00:00:00.058 . Memory (MB): peak = 3461.082 ; gain = 0.000
INFO: [Vivado 12-24828] Executing command : report_io -file system_wrapper_io_placed.rpt
report_io: Time (s): cpu = 00:00:01 ; elapsed = 00:00:00.283 . Memory (MB): peak = 3461.082 ; gain = 0.000
INFO: [Timing 38-480] Writing timing data to binary archive.
Write ShapeDB Complete: Time (s): cpu = 00:00:00 ; elapsed = 00:00:00.045 . Memory (MB): peak = 3461.082 ; gain = 0.000
Wrote PlaceDB: Time (s): cpu = 00:00:03 ; elapsed = 00:00:01 . Memory (MB): peak = 3461.082 ; gain = 0.000
Wrote PulsedLatchDB: Time (s): cpu = 00:00:00 ; elapsed = 00:00:00.001 . Memory (MB): peak = 3461.082 ; gain = 0.000
Writing XDEF routing.
Writing XDEF routing logical nets.
Writing XDEF routing special nets.
Wrote RouteStorage: Time (s): cpu = 00:00:00 ; elapsed = 00:00:00.148 . Memory (MB): peak = 3461.082 ; gain = 0.000
Wrote Netlist Cache: Time (s): cpu = 00:00:00 ; elapsed = 00:00:00.031 . Memory (MB): peak = 3461.082 ; gain = 0.000
Wrote Device Cache: Time (s): cpu = 00:00:00 ; elapsed = 00:00:00.046 . Memory (MB): peak = 3461.082 ; gain = 0.000
Write Physdb Complete: Time (s): cpu = 00:00:03 ; elapsed = 00:00:01 . Memory (MB): peak = 3461.082 ; gain = 0.000
INFO: [Common 17-1381] The checkpoint 'C:/Users/Kushal Agrawal/UW-madison school work/Dual-FPGA-Trading-Engine/vivado/hft_board_b/hft_board_b.runs/impl_1/system_wrapper_placed.dcp' has been generated.
Command: phys_opt_design
Attempting to get a license for feature 'Implementation' and/or device 'xczu3eg'
INFO: [Common 17-349] Got license for feature 'Implementation' and/or device 'xczu3eg'

Starting Initial Update Timing Task

Time (s): cpu = 00:00:06 ; elapsed = 00:00:03 . Memory (MB): peak = 3461.082 ; gain = 0.000
INFO: [Vivado_Tcl 4-2279] Estimated Timing Summary | WNS= 13.912 | TNS= 0.000 | 
INFO: [Vivado_Tcl 4-383] Design worst setup slack (WNS) is greater than or equal to 0.000 ns. All physical synthesis setup optimizations will be skipped.
INFO: [Vivado_Tcl 4-232] No setup violation found. The netlist was not modified.
INFO: [Common 17-83] Releasing license: Implementation
92 Infos, 0 Warnings, 0 Critical Warnings and 0 Errors encountered.
phys_opt_design completed successfully
INFO: [Timing 38-480] Writing timing data to binary archive.
Write ShapeDB Complete: Time (s): cpu = 00:00:00 ; elapsed = 00:00:00.046 . Memory (MB): peak = 3461.082 ; gain = 0.000
Wrote PlaceDB: Time (s): cpu = 00:00:02 ; elapsed = 00:00:00.887 . Memory (MB): peak = 3461.082 ; gain = 0.000
Wrote PulsedLatchDB: Time (s): cpu = 00:00:00 ; elapsed = 00:00:00 . Memory (MB): peak = 3461.082 ; gain = 0.000
Writing XDEF routing.
Writing XDEF routing logical nets.
Writing XDEF routing special nets.
Wrote RouteStorage: Time (s): cpu = 00:00:00 ; elapsed = 00:00:00.109 . Memory (MB): peak = 3461.082 ; gain = 0.000
Wrote Netlist Cache: Time (s): cpu = 00:00:00 ; elapsed = 00:00:00.028 . Memory (MB): peak = 3461.082 ; gain = 0.000
Wrote Device Cache: Time (s): cpu = 00:00:00 ; elapsed = 00:00:00.041 . Memory (MB): peak = 3461.082 ; gain = 0.000
Write Physdb Complete: Time (s): cpu = 00:00:02 ; elapsed = 00:00:01 . Memory (MB): peak = 3461.082 ; gain = 0.000
INFO: [Common 17-1381] The checkpoint 'C:/Users/Kushal Agrawal/UW-madison school work/Dual-FPGA-Trading-Engine/vivado/hft_board_b/hft_board_b.runs/impl_1/system_wrapper_physopt.dcp' has been generated.
Command: route_design
Attempting to get a license for feature 'Implementation' and/or device 'xczu3eg'
INFO: [Common 17-349] Got license for feature 'Implementation' and/or device 'xczu3eg'


Starting Routing Task
INFO: [Route 35-254] Multithreading enabled for route_design using a maximum of 2 CPUs

Phase 1 Build RT Design
Checksum: PlaceDB: 445f4697 ConstDB: 0 ShapeSum: 154d0b80 RouteDB: 555caa1c
Nodegraph reading from file.  Time (s): cpu = 00:00:01 ; elapsed = 00:00:00.676 . Memory (MB): peak = 3461.082 ; gain = 0.000
Post Restoration Checksum: NetGraph: a4f69324 | NumContArr: a7098a7a | Constraints: 28a8804b | Timing: c2a8fa9d
Phase 1 Build RT Design | Checksum: 237519886

Time (s): cpu = 00:00:09 ; elapsed = 00:00:06 . Memory (MB): peak = 3461.082 ; gain = 0.000

Phase 2 Router Initialization

Phase 2.1 Fix Topology Constraints
Phase 2.1 Fix Topology Constraints | Checksum: 237519886

Time (s): cpu = 00:00:09 ; elapsed = 00:00:06 . Memory (MB): peak = 3461.082 ; gain = 0.000

Phase 2.2 Pre Route Cleanup
Phase 2.2 Pre Route Cleanup | Checksum: 237519886

Time (s): cpu = 00:00:09 ; elapsed = 00:00:06 . Memory (MB): peak = 3461.082 ; gain = 0.000

Phase 2.3 Global Clock Net Routing
 Number of Nodes with overlaps = 0
Phase 2.3 Global Clock Net Routing | Checksum: 180a6b605

Time (s): cpu = 00:00:10 ; elapsed = 00:00:07 . Memory (MB): peak = 3461.082 ; gain = 0.000

Phase 2.4 Update Timing
Phase 2.4 Update Timing | Checksum: 169f58171

Time (s): cpu = 00:00:15 ; elapsed = 00:00:10 . Memory (MB): peak = 3461.082 ; gain = 0.000
INFO: [Route 35-416] Intermediate Timing Summary | WNS=14.193 | TNS=0.000  | WHS=-0.031 | THS=-0.104 |


Phase 2.5 Soft Constraint Pins - Fast Budgeting
Phase 2.5 Soft Constraint Pins - Fast Budgeting | Checksum: 1da79da6e

Time (s): cpu = 00:00:19 ; elapsed = 00:00:12 . Memory (MB): peak = 3461.082 ; gain = 0.000

Router Utilization Summary
  Global Vertical Routing Utilization    = 0 %
  Global Horizontal Routing Utilization  = 0 %
  Routable Net Status*
  *Does not include unroutable nets such as driverless and loadless.
  Run report_route_status for detailed report.
  Number of Failed Nets               = 9612
    (Failed Nets is the sum of unrouted and partially routed nets)
  Number of Unrouted Nets             = 6986
  Number of Partially Routed Nets     = 2626
  Number of Node Overlaps             = 0

Phase 2 Router Initialization | Checksum: 1417724b6

Time (s): cpu = 00:00:19 ; elapsed = 00:00:13 . Memory (MB): peak = 3461.082 ; gain = 0.000

Phase 3 Global Routing
Phase 3 Global Routing | Checksum: 1417724b6

Time (s): cpu = 00:00:20 ; elapsed = 00:00:13 . Memory (MB): peak = 3461.082 ; gain = 0.000

Phase 4 Initial Routing

Phase 4.1 Initial Net Routing Pass
Phase 4.1 Initial Net Routing Pass | Checksum: 1a35e46d8

Time (s): cpu = 00:00:25 ; elapsed = 00:00:17 . Memory (MB): peak = 3461.082 ; gain = 0.000
Phase 4 Initial Routing | Checksum: 1645dfbec

Time (s): cpu = 00:00:25 ; elapsed = 00:00:17 . Memory (MB): peak = 3461.082 ; gain = 0.000

Phase 5 Rip-up And Reroute

Phase 5.1 Global Iteration 0
 Number of Nodes with overlaps = 1875
 Number of Nodes with overlaps = 113
 Number of Nodes with overlaps = 4
 Number of Nodes with overlaps = 1
 Number of Nodes with overlaps = 0
INFO: [Route 35-416] Intermediate Timing Summary | WNS=11.765 | TNS=0.000  | WHS=0.007  | THS=0.000  |

Phase 5.1 Global Iteration 0 | Checksum: f0d519ec

Time (s): cpu = 00:00:47 ; elapsed = 00:00:31 . Memory (MB): peak = 3461.082 ; gain = 0.000

Phase 5.2 Additional Iteration for Hold
Phase 5.2 Additional Iteration for Hold | Checksum: 15ab31888

Time (s): cpu = 00:00:47 ; elapsed = 00:00:31 . Memory (MB): peak = 3461.082 ; gain = 0.000
Phase 5 Rip-up And Reroute | Checksum: 15ab31888

Time (s): cpu = 00:00:47 ; elapsed = 00:00:31 . Memory (MB): peak = 3461.082 ; gain = 0.000

Phase 6 Delay and Skew Optimization

Phase 6.1 Delay CleanUp
Phase 6.1 Delay CleanUp | Checksum: 173f8b343

Time (s): cpu = 00:00:48 ; elapsed = 00:00:31 . Memory (MB): peak = 3461.082 ; gain = 0.000

Phase 6.2 Clock Skew Optimization
Phase 6.2 Clock Skew Optimization | Checksum: 173f8b343

Time (s): cpu = 00:00:48 ; elapsed = 00:00:31 . Memory (MB): peak = 3461.082 ; gain = 0.000
Phase 6 Delay and Skew Optimization | Checksum: 173f8b343

Time (s): cpu = 00:00:48 ; elapsed = 00:00:31 . Memory (MB): peak = 3461.082 ; gain = 0.000

Phase 7 Post Hold Fix

Phase 7.1 Hold Fix Iter
INFO: [Route 35-416] Intermediate Timing Summary | WNS=11.765 | TNS=0.000  | WHS=0.007  | THS=0.000  |

Phase 7.1 Hold Fix Iter | Checksum: 1f3c02c80

Time (s): cpu = 00:00:51 ; elapsed = 00:00:33 . Memory (MB): peak = 3461.082 ; gain = 0.000
Phase 7 Post Hold Fix | Checksum: 1f3c02c80

Time (s): cpu = 00:00:51 ; elapsed = 00:00:33 . Memory (MB): peak = 3461.082 ; gain = 0.000

Phase 8 Route finalize

Router Utilization Summary
  Global Vertical Routing Utilization    = 1.63466 %
  Global Horizontal Routing Utilization  = 1.83773 %
  Routable Net Status*
  *Does not include unroutable nets such as driverless and loadless.
  Run report_route_status for detailed report.
  Number of Failed Nets               = 0
    (Failed Nets is the sum of unrouted and partially routed nets)
  Number of Unrouted Nets             = 0
  Number of Partially Routed Nets     = 0
  Number of Node Overlaps             = 0

Phase 8 Route finalize | Checksum: 1f3c02c80

Time (s): cpu = 00:00:51 ; elapsed = 00:00:33 . Memory (MB): peak = 3461.082 ; gain = 0.000

Phase 9 Verifying routed nets

 Verification completed successfully
Phase 9 Verifying routed nets | Checksum: 1f3c02c80

Time (s): cpu = 00:00:51 ; elapsed = 00:00:33 . Memory (MB): peak = 3461.082 ; gain = 0.000

Phase 10 Depositing Routes
Phase 10 Depositing Routes | Checksum: 1f3c02c80

Time (s): cpu = 00:00:53 ; elapsed = 00:00:35 . Memory (MB): peak = 3461.082 ; gain = 0.000

Phase 11 Resolve XTalk
Phase 11 Resolve XTalk | Checksum: 1f3c02c80

Time (s): cpu = 00:00:53 ; elapsed = 00:00:35 . Memory (MB): peak = 3461.082 ; gain = 0.000

Phase 12 Post Process Routing
Phase 12 Post Process Routing | Checksum: 1f3c02c80

Time (s): cpu = 00:00:53 ; elapsed = 00:00:35 . Memory (MB): peak = 3461.082 ; gain = 0.000

Phase 13 Post Router Timing
INFO: [Route 35-57] Estimated Timing Summary | WNS=11.765 | TNS=0.000  | WHS=0.007  | THS=0.000  |

INFO: [Route 35-327] The final timing numbers are based on the router estimated timing analysis. For a complete and accurate timing signoff, please run report_timing_summary.
Phase 13 Post Router Timing | Checksum: 1f3c02c80

Time (s): cpu = 00:00:54 ; elapsed = 00:00:35 . Memory (MB): peak = 3461.082 ; gain = 0.000
Total Elapsed time in route_design: 35.037 secs

Phase 14 Post-Route Event Processing
Phase 14 Post-Route Event Processing | Checksum: 1d9202d30

Time (s): cpu = 00:00:54 ; elapsed = 00:00:35 . Memory (MB): peak = 3461.082 ; gain = 0.000
INFO: [Route 35-16] Router Completed Successfully
Ending Routing Task | Checksum: 1d9202d30

Time (s): cpu = 00:00:54 ; elapsed = 00:00:35 . Memory (MB): peak = 3461.082 ; gain = 0.000

Routing Is Done.
INFO: [Common 17-83] Releasing license: Implementation
103 Infos, 0 Warnings, 0 Critical Warnings and 0 Errors encountered.
route_design completed successfully
route_design: Time (s): cpu = 00:00:54 ; elapsed = 00:00:36 . Memory (MB): peak = 3461.082 ; gain = 0.000
INFO: [Vivado 12-24828] Executing command : report_drc -file system_wrapper_drc_routed.rpt -pb system_wrapper_drc_routed.pb -rpx system_wrapper_drc_routed.rpx
Command: report_drc -file system_wrapper_drc_routed.rpt -pb system_wrapper_drc_routed.pb -rpx system_wrapper_drc_routed.rpx
INFO: [IP_Flow 19-1839] IP Catalog is up to date.
INFO: [DRC 23-27] Running DRC with 2 threads
INFO: [Vivado_Tcl 2-168] The results of DRC are in file C:/Users/Kushal Agrawal/UW-madison school work/Dual-FPGA-Trading-Engine/vivado/hft_board_b/hft_board_b.runs/impl_1/system_wrapper_drc_routed.rpt.
report_drc completed successfully
report_drc: Time (s): cpu = 00:00:10 ; elapsed = 00:00:08 . Memory (MB): peak = 3461.082 ; gain = 0.000
INFO: [Vivado 12-24828] Executing command : report_methodology -file system_wrapper_methodology_drc_routed.rpt -pb system_wrapper_methodology_drc_routed.pb -rpx system_wrapper_methodology_drc_routed.rpx
Command: report_methodology -file system_wrapper_methodology_drc_routed.rpt -pb system_wrapper_methodology_drc_routed.pb -rpx system_wrapper_methodology_drc_routed.rpx
INFO: [Timing 38-35] Done setting XDC timing constraints.
INFO: [DRC 23-133] Running Methodology with 2 threads
INFO: [Vivado_Tcl 2-1520] The results of Report Methodology are in file C:/Users/Kushal Agrawal/UW-madison school work/Dual-FPGA-Trading-Engine/vivado/hft_board_b/hft_board_b.runs/impl_1/system_wrapper_methodology_drc_routed.rpt.
report_methodology completed successfully
report_drc: Time (s): cpu = 00:00:11 ; elapsed = 00:00:07 . Memory (MB): peak = 3461.082 ; gain = 0.000
INFO: [Vivado 12-24828] Executing command : report_timing_summary -max_paths 10 -routable_nets -report_unconstrained -file system_wrapper_timing_summary_routed.rpt -pb system_wrapper_timing_summary_routed.pb -rpx system_wrapper_timing_summary_routed.rpx -warn_on_violation 
INFO: [Timing 38-35] Done setting XDC timing constraints.
INFO: [Timing 38-91] UpdateTimingParams: Speed grade: -2, Temperature grade: E, Delay Type: min_max.
INFO: [Timing 38-191] Multithreading enabled for timing update using a maximum of 2 CPUs
INFO: [Vivado 12-24838] Running report commands "report_incremental_reuse, report_route_status" in parallel.
Running report generation with 2 threads.
INFO: [Vivado 12-24828] Executing command : report_incremental_reuse -file system_wrapper_incremental_reuse_routed.rpt
INFO: [Vivado_Tcl 4-1062] Incremental flow is disabled. No incremental reuse Info to report.
INFO: [Vivado 12-24828] Executing command : report_route_status -file system_wrapper_route_status.rpt -pb system_wrapper_route_status.pb
INFO: [Vivado 12-24828] Executing command : report_power -file system_wrapper_power_routed.rpt -pb system_wrapper_power_summary_routed.pb -rpx system_wrapper_power_routed.rpx
Command: report_power -file system_wrapper_power_routed.rpt -pb system_wrapper_power_summary_routed.pb -rpx system_wrapper_power_routed.rpx
Running Vector-less Activity Propagation...

Finished Running Vector-less Activity Propagation
120 Infos, 0 Warnings, 0 Critical Warnings and 0 Errors encountered.
report_power completed successfully
report_power: Time (s): cpu = 00:00:09 ; elapsed = 00:00:07 . Memory (MB): peak = 3461.082 ; gain = 0.000
INFO: [Vivado 12-24828] Executing command : report_clock_utilization -file system_wrapper_clock_utilization_routed.rpt
INFO: [Vivado 12-24828] Executing command : report_bus_skew -warn_on_violation -file system_wrapper_bus_skew_routed.rpt -pb system_wrapper_bus_skew_routed.pb -rpx system_wrapper_bus_skew_routed.rpx
INFO: [Timing 38-91] UpdateTimingParams: Speed grade: -2, Temperature grade: E, Delay Type: min_max.
INFO: [Timing 38-191] Multithreading enabled for timing update using a maximum of 2 CPUs
generate_parallel_reports: Time (s): cpu = 00:00:35 ; elapsed = 00:00:26 . Memory (MB): peak = 3461.082 ; gain = 0.000
INFO: [Timing 38-480] Writing timing data to binary archive.
Write ShapeDB Complete: Time (s): cpu = 00:00:00 ; elapsed = 00:00:00.038 . Memory (MB): peak = 3461.082 ; gain = 0.000
Wrote PlaceDB: Time (s): cpu = 00:00:03 ; elapsed = 00:00:00.912 . Memory (MB): peak = 3461.082 ; gain = 0.000
Wrote PulsedLatchDB: Time (s): cpu = 00:00:00 ; elapsed = 00:00:00 . Memory (MB): peak = 3461.082 ; gain = 0.000
Writing XDEF routing.
Writing XDEF routing logical nets.
Writing XDEF routing special nets.
Wrote RouteStorage: Time (s): cpu = 00:00:00 ; elapsed = 00:00:00.197 . Memory (MB): peak = 3461.082 ; gain = 0.000
Wrote Netlist Cache: Time (s): cpu = 00:00:00 ; elapsed = 00:00:00.025 . Memory (MB): peak = 3461.082 ; gain = 0.000
Wrote Device Cache: Time (s): cpu = 00:00:00 ; elapsed = 00:00:00.038 . Memory (MB): peak = 3461.082 ; gain = 0.000
Write Physdb Complete: Time (s): cpu = 00:00:03 ; elapsed = 00:00:01 . Memory (MB): peak = 3461.082 ; gain = 0.000
INFO: [Common 17-1381] The checkpoint 'C:/Users/Kushal Agrawal/UW-madison school work/Dual-FPGA-Trading-Engine/vivado/hft_board_b/hft_board_b.runs/impl_1/system_wrapper_routed.dcp' has been generated.
Command: write_bitstream -force system_wrapper.bit
Attempting to get a license for feature 'Implementation' and/or device 'xczu3eg'
INFO: [Common 17-349] Got license for feature 'Implementation' and/or device 'xczu3eg'
Running DRC as a precondition to command write_bitstream
INFO: [IP_Flow 19-1839] IP Catalog is up to date.
INFO: [DRC 23-27] Running DRC with 2 threads
INFO: [Vivado 12-3199] DRC finished with 0 Errors
INFO: [Vivado 12-3200] Please refer to the DRC report (report_drc) for more information.
Integrating Hard IP ELF/MEM with the PDI.
INFO: [Designutils 20-2272] Running write_bitstream with 2 threads.
Loading data files...
Loading site data...
Loading route data...
Processing options...
Creating bitmap...
Creating bitstream...
Writing bitstream ./system_wrapper.bit...
INFO: [Vivado 12-1842] Bitgen Completed Successfully.
INFO: [Common 17-83] Releasing license: Implementation
134 Infos, 0 Warnings, 0 Critical Warnings and 0 Errors encountered.
write_bitstream completed successfully
write_bitstream: Time (s): cpu = 00:00:30 ; elapsed = 00:00:25 . Memory (MB): peak = 3461.082 ; gain = 0.000
INFO: [Common 17-206] Exiting Vivado at Thu Apr 16 07:50:06 2026...
