Copyright 1986-2022 Xilinx, Inc. All Rights Reserved. Copyright 2022-2025 Advanced Micro Devices, Inc. All Rights Reserved.
----------------------------------------------------------------------------------------------------------------------------------------------------------------
| Tool Version     : Vivado v.2025.2 (win64) Build 6299465 Fri Nov 14 19:35:11 GMT 2025
| Date             : Thu Apr 16 07:49:36 2026
| Host             : Kushal2009 running 64-bit major release  (build 9200)
| Command          : report_power -file system_wrapper_power_routed.rpt -pb system_wrapper_power_summary_routed.pb -rpx system_wrapper_power_routed.rpx
| Design           : system_wrapper
| Device           : xczu3eg-sfvc784-2-e
| Design State     : routed
| Grade            : extended
| Process          : typical
| Characterization : Production
----------------------------------------------------------------------------------------------------------------------------------------------------------------

Power Report

Table of Contents
-----------------
1. Summary
1.1 On-Chip Components
1.2 Power Supply Summary
1.3 Confidence Level
2. Settings
2.1 Environment
2.2 Clock Constraints
3. Detailed Reports
3.1 By Hierarchy

1. Summary
----------

+--------------------------+--------------+
| Total On-Chip Power (W)  | 2.585        |
| Design Power Budget (W)  | Unspecified* |
| Power Budget Margin (W)  | NA           |
| Dynamic (W)              | 2.242        |
| Device Static (W)        | 0.343        |
| Effective TJA (C/W)      | 2.4          |
| Max Ambient (C)          | 93.9         |
| Junction Temperature (C) | 31.1         |
| Confidence Level         | Low          |
| Setting File             | ---          |
| Simulation Activity File | ---          |
| Design Nets Matched      | NA           |
+--------------------------+--------------+
* Specify Design Power Budget using, set_operating_conditions -design_power_budget <value in Watts>


1.1 On-Chip Components
----------------------

+-------------------------+-----------+----------+-----------+-----------------+
| On-Chip                 | Power (W) | Used     | Available | Utilization (%) |
+-------------------------+-----------+----------+-----------+-----------------+
| Clocks                  |     0.007 |        3 |       --- |             --- |
| CLB Logic               |     0.010 |    11984 |       --- |             --- |
|   LUT as Logic          |     0.009 |     5556 |     70560 |            7.87 |
|   Register              |    <0.001 |     4750 |    141120 |            3.37 |
|   CARRY8                |    <0.001 |      137 |      8820 |            1.55 |
|   LUT as Shift Register |    <0.001 |        2 |     28800 |           <0.01 |
|   Others                |     0.000 |      139 |       --- |             --- |
|   F7/F8 Muxes           |     0.000 |      227 |     70560 |            0.32 |
|   BUFG                  |     0.000 |        1 |        24 |            4.17 |
| Signals                 |     0.009 |     9611 |       --- |             --- |
| DSPs                    |    <0.001 |        6 |       360 |            1.67 |
| I/O                     |     0.007 |       33 |       252 |           13.10 |
| PS8                     |     2.209 |        1 |       --- |             --- |
| Static Power            |     0.343 |          |           |                 |
|   PS Static             |     0.104 |          |           |                 |
|   PL Static             |     0.239 |          |           |                 |
| Total                   |     2.585 |          |           |                 |
+-------------------------+-----------+----------+-----------+-----------------+


1.2 Power Supply Summary
------------------------

+-----------------+-------------+-----------+-------------+------------+-------------+-------------+------------+
| Source          | Voltage (V) | Total (A) | Dynamic (A) | Static (A) | Powerup (A) | Budget (A)  | Margin (A) |
+-----------------+-------------+-----------+-------------+------------+-------------+-------------+------------+
| Vccint          |       0.850 |     0.085 |       0.031 |      0.055 |       NA    | Unspecified | NA         |
| Vccint_io       |       0.850 |     0.027 |       0.000 |      0.027 |       NA    | Unspecified | NA         |
| Vccbram         |       0.850 |     0.001 |       0.000 |      0.001 |       NA    | Unspecified | NA         |
| Vccaux          |       1.800 |     0.047 |       0.000 |      0.047 |       NA    | Unspecified | NA         |
| Vccaux_io       |       1.800 |     0.028 |       0.003 |      0.025 |       NA    | Unspecified | NA         |
| Vcco33          |       3.300 |     0.007 |       0.000 |      0.007 |       NA    | Unspecified | NA         |
| Vcco25          |       2.500 |     0.000 |       0.000 |      0.000 |       NA    | Unspecified | NA         |
| Vcco18          |       1.800 |     0.001 |       0.001 |      0.000 |       NA    | Unspecified | NA         |
| Vcco15          |       1.500 |     0.000 |       0.000 |      0.000 |       NA    | Unspecified | NA         |
| Vcco135         |       1.350 |     0.000 |       0.000 |      0.000 |       NA    | Unspecified | NA         |
| Vcco12          |       1.200 |     0.000 |       0.000 |      0.000 |       NA    | Unspecified | NA         |
| Vcco10          |       1.000 |     0.000 |       0.000 |      0.000 |       NA    | Unspecified | NA         |
| Vccadc          |       1.800 |     0.008 |       0.000 |      0.008 |       NA    | Unspecified | NA         |
| VCC_PSINTFP     |       0.850 |     1.080 |       1.043 |      0.037 |       NA    | Unspecified | NA         |
| VCC_PSINTLP     |       0.850 |     0.231 |       0.224 |      0.008 |       NA    | Unspecified | NA         |
| VPS_MGTRAVCC    |       0.850 |     0.001 |       0.000 |      0.001 |       NA    | Unspecified | NA         |
| VCC_PSINTFP_DDR |       0.850 |     0.549 |       0.544 |      0.005 |       NA    | Unspecified | NA         |
| VCC_PSPLL       |       1.200 |     0.069 |       0.067 |      0.002 |       NA    | Unspecified | NA         |
| VPS_MGTRAVTT    |       1.800 |     0.001 |       0.000 |      0.001 |       NA    | Unspecified | NA         |
| VCCO_PSDDR_504  |       1.200 |     0.525 |       0.491 |      0.034 |       NA    | Unspecified | NA         |
| VCC_PSAUX       |       1.800 |     0.002 |       0.000 |      0.002 |       NA    | Unspecified | NA         |
| VCC_PSBATT      |       1.200 |     0.000 |       0.000 |      0.000 |       NA    | Unspecified | NA         |
| VCC_PSDDR_PLL   |       1.800 |     0.001 |       0.000 |      0.001 |       NA    | Unspecified | NA         |
| VCCO_PSIO0_500  |       3.300 |     0.001 |       0.000 |      0.001 |       NA    | Unspecified | NA         |
| VCCO_PSIO1_501  |       3.300 |     0.001 |       0.000 |      0.001 |       NA    | Unspecified | NA         |
| VCCO_PSIO2_502  |       3.300 |     0.001 |       0.000 |      0.001 |       NA    | Unspecified | NA         |
| VCCO_PSIO3_503  |       3.300 |     0.001 |       0.000 |      0.001 |       NA    | Unspecified | NA         |
| VCC_PSADC       |       1.800 |     0.002 |       0.000 |      0.002 |       NA    | Unspecified | NA         |
+-----------------+-------------+-----------+-------------+------------+-------------+-------------+------------+


1.3 Confidence Level
--------------------

+-----------------------------+------------+--------------------------------------------------------+------------------------------------------------------------------------------------------------------------+
| User Input Data             | Confidence | Details                                                | Action                                                                                                     |
+-----------------------------+------------+--------------------------------------------------------+------------------------------------------------------------------------------------------------------------+
| Design implementation state | High       | Design is routed                                       |                                                                                                            |
| Clock nodes activity        | High       | User specified more than 95% of clocks                 |                                                                                                            |
| I/O nodes activity          | Low        | More than 75% of inputs are missing user specification | Provide missing input activity with simulation results or by editing the "By Resource Type -> I/Os" view   |
| Internal nodes activity     | Medium     | User specified less than 25% of internal nodes         | Provide missing internal nodes activity with simulation results or by editing the "By Resource Type" views |
| Device models               | High       | Device models are Production                           |                                                                                                            |
|                             |            |                                                        |                                                                                                            |
| Overall confidence level    | Low        |                                                        |                                                                                                            |
+-----------------------------+------------+--------------------------------------------------------+------------------------------------------------------------------------------------------------------------+


2. Settings
-----------

2.1 Environment
---------------

+-----------------------+--------------------------+
| Ambient Temp (C)      | 25.0                     |
| ThetaJA (C/W)         | 2.4                      |
| Airflow (LFM)         | 250                      |
| Heat Sink             | medium (Medium Profile)  |
| ThetaSA (C/W)         | 5.5                      |
| Board Selection       | medium (10"x10")         |
| # of Board Layers     | 12to15 (12 to 15 Layers) |
| Board Temperature (C) | 25.0                     |
+-----------------------+--------------------------+


2.2 Clock Constraints
---------------------

+----------+--------------------------------------------+-----------------+
| Clock    | Domain                                     | Constraint (ns) |
+----------+--------------------------------------------+-----------------+
| clk_pl_0 | system_i/zynq_ps/inst/pl_clk_unbuffered[0] |            20.6 |
+----------+--------------------------------------------+-----------------+


3. Detailed Reports
-------------------

3.1 By Hierarchy
----------------

+----------------+-----------+
| Name           | Power (W) |
+----------------+-----------+
| system_wrapper |     2.242 |
|   system_i     |     2.235 |
|     axi_sc     |     0.003 |
|       inst     |     0.003 |
|     hft_core   |     0.023 |
|       inst     |     0.023 |
|     zynq_ps    |     2.209 |
|       inst     |     2.209 |
+----------------+-----------+


