%Warning-TIMESCALEMOD: C:/Users/blazi/Downloads/Dual-FPGA-Trading-Engine/rtl/shared\hft_pkg.sv:7:9: Timescale missing on this module as other modules have it (IEEE 1800-2023 3.14.2.3)
    7 | package hft_pkg;
      |         ^~~~~~~
                       C:/Users/blazi/Downloads/Dual-FPGA-Trading-Engine/rtl/board_a\board_a_axi_regs.sv:12:8: ... Location of module with timescale
   12 | module board_a_axi_regs
      |        ^~~~~~~~~~~~~~~~
                       ... For warning description see https://verilator.org/warn/TIMESCALEMOD?v=5.046
                       ... Use "/* verilator lint_off TIMESCALEMOD */" and lint_on around source to disable this message.
%Warning-WIDTHEXPAND: C:/Users/blazi/Downloads/Dual-FPGA-Trading-Engine/rtl/board_a\market_noise_gen.sv:62:20: Operator ADD expects 64 bits on the RHS, but RHS's SIGNED generates 32 bits.
                                                                                                             : ... note: In instance 'tb_market_noise_gen.dut'
   62 |         s = 64'sd0 + $signed(acc) + $signed(delta);
      |                    ^
                      ... For warning description see https://verilator.org/warn/WIDTHEXPAND?v=5.046
                      ... Use "/* verilator lint_off WIDTHEXPAND */" and lint_on around source to disable this message.
%Warning-WIDTHEXPAND: C:/Users/blazi/Downloads/Dual-FPGA-Trading-Engine/rtl/board_a\market_noise_gen.sv:62:35: Operator ADD expects 64 bits on the RHS, but RHS's SIGNED generates 32 bits.
                                                                                                             : ... note: In instance 'tb_market_noise_gen.dut'
   62 |         s = 64'sd0 + $signed(acc) + $signed(delta);
      |                                   ^
%Warning-WIDTHEXPAND: C:/Users/blazi/Downloads/Dual-FPGA-Trading-Engine/rtl/board_a\market_noise_gen.sv:63:15: Operator GTS expects 64 bits on the RHS, but RHS's SIGNED generates 32 bits.
                                                                                                             : ... note: In instance 'tb_market_noise_gen.dut'
   63 |         if (s > $signed(lim_pos)) return lim_pos;
      |               ^
%Warning-WIDTHEXPAND: C:/Users/blazi/Downloads/Dual-FPGA-Trading-Engine/rtl/board_a\market_noise_gen.sv:64:15: Operator LTS expects 64 bits on the RHS, but RHS's SIGNED generates 32 bits.
                                                                                                             : ... note: In instance 'tb_market_noise_gen.dut'
   64 |         if (s < $signed(lim_neg)) return lim_neg;
      |               ^
%Warning-WIDTHEXPAND: C:/Users/blazi/Downloads/Dual-FPGA-Trading-Engine/rtl/board_a\market_noise_gen.sv:69:44: Operator SUB expects 32 bits on the LHS, but LHS's SIGNED generates 7 bits.
                                                                                                             : ... note: In instance 'tb_market_noise_gen.dut'
   69 |         return (($signed({1'b0, r[17:12]}) - 32'sd32) <<< 2);
      |                                            ^
%Warning-WIDTHEXPAND: C:/Users/blazi/Downloads/Dual-FPGA-Trading-Engine/rtl/board_a\market_noise_gen.sv:86:43: Operator SUB expects 32 bits on the LHS, but LHS's SIGNED generates 7 bits.
                                                                                                             : ... note: In instance 'tb_market_noise_gen.dut'
   86 |         return (($signed({1'b0, r[11:6]}) - 32'sd32) <<< 3);
      |                                           ^
%Warning-WIDTHEXPAND: C:/Users/blazi/Downloads/Dual-FPGA-Trading-Engine/rtl/board_a\market_noise_gen.sv:148:67: Operator SUB expects 32 bits on the LHS, but LHS's SIGNED generates 7 bits.
                                                                                                              : ... note: In instance 'tb_market_noise_gen.dut'
  148 |         global_noise_q16_16 = (($signed({1'b0, global_rand[5:0]}) - 32'sd32) <<< 6);
      |                                                                   ^
make: Entering directory '/c/Users/blazi/Downloads/Dual-FPGA-Trading-Engine/build/verilator/tb_market_noise_gen'
g++ -Os  -I.  -MMD -IC:/msys64/ucrt64/share/verilator/include -IC:/msys64/ucrt64/share/verilator/include/vltstd -DVERILATOR=1 -DVM_COVERAGE=0 -DVM_SC=0 -DVM_TIMING=1 -DVM_TRACE=0 -DVM_TRACE_FST=0 -DVM_TRACE_VCD=0 -DVM_TRACE_SAIF=0 -faligned-new -fcf-protection=none -Wno-bool-operation -Wno-int-in-bool-context -Wno-shadow -Wno-sign-compare -Wno-subobject-linkage -Wno-tautological-compare -Wno-uninitialized -Wno-unused-but-set-parameter -Wno-unused-but-set-variable -Wno-unused-parameter -Wno-unused-variable    -DVL_TIME_CONTEXT   -fcoroutines -c -o verilated.o C:/msys64/ucrt64/share/verilator/include/verilated.cpp
g++ -Os  -I.  -MMD -IC:/msys64/ucrt64/share/verilator/include -IC:/msys64/ucrt64/share/verilator/include/vltstd -DVERILATOR=1 -DVM_COVERAGE=0 -DVM_SC=0 -DVM_TIMING=1 -DVM_TRACE=0 -DVM_TRACE_FST=0 -DVM_TRACE_VCD=0 -DVM_TRACE_SAIF=0 -faligned-new -fcf-protection=none -Wno-bool-operation -Wno-int-in-bool-context -Wno-shadow -Wno-sign-compare -Wno-subobject-linkage -Wno-tautological-compare -Wno-uninitialized -Wno-unused-but-set-parameter -Wno-unused-but-set-variable -Wno-unused-parameter -Wno-unused-variable    -DVL_TIME_CONTEXT   -fcoroutines -c -o verilated_timing.o C:/msys64/ucrt64/share/verilator/include/verilated_timing.cpp
g++ -Os  -I.  -MMD -IC:/msys64/ucrt64/share/verilator/include -IC:/msys64/ucrt64/share/verilator/include/vltstd -DVERILATOR=1 -DVM_COVERAGE=0 -DVM_SC=0 -DVM_TIMING=1 -DVM_TRACE=0 -DVM_TRACE_FST=0 -DVM_TRACE_VCD=0 -DVM_TRACE_SAIF=0 -faligned-new -fcf-protection=none -Wno-bool-operation -Wno-int-in-bool-context -Wno-shadow -Wno-sign-compare -Wno-subobject-linkage -Wno-tautological-compare -Wno-uninitialized -Wno-unused-but-set-parameter -Wno-unused-but-set-variable -Wno-unused-parameter -Wno-unused-variable    -DVL_TIME_CONTEXT   -fcoroutines -c -o verilated_threads.o C:/msys64/ucrt64/share/verilator/include/verilated_threads.cpp
python3 C:/msys64/ucrt64/share/verilator/bin/verilator_includer -DVL_INCLUDE_OPT=include Vtb_market_noise_gen.cpp Vtb_market_noise_gen___024root__0.cpp Vtb_market_noise_gen__main.cpp Vtb_market_noise_gen___024root__Slow.cpp Vtb_market_noise_gen___024root__0__Slow.cpp Vtb_market_noise_gen___024unit__Slow.cpp Vtb_market_noise_gen___024unit__0__Slow.cpp Vtb_market_noise_gen__Syms__Slow.cpp > Vtb_market_noise_gen__ALL.cpp
g++ -Os  -I.  -MMD -IC:/msys64/ucrt64/share/verilator/include -IC:/msys64/ucrt64/share/verilator/include/vltstd -DVERILATOR=1 -DVM_COVERAGE=0 -DVM_SC=0 -DVM_TIMING=1 -DVM_TRACE=0 -DVM_TRACE_FST=0 -DVM_TRACE_VCD=0 -DVM_TRACE_SAIF=0 -faligned-new -fcf-protection=none -Wno-bool-operation -Wno-int-in-bool-context -Wno-shadow -Wno-sign-compare -Wno-subobject-linkage -Wno-tautological-compare -Wno-uninitialized -Wno-unused-but-set-parameter -Wno-unused-but-set-variable -Wno-unused-parameter -Wno-unused-variable    -DVL_TIME_CONTEXT   -fcoroutines -c -o Vtb_market_noise_gen__ALL.o Vtb_market_noise_gen__ALL.cpp
g++    verilated.o verilated_timing.o verilated_threads.o Vtb_market_noise_gen__ALL.a    -pthread -lpthread -latomic   -o Vtb_market_noise_gen
rm Vtb_market_noise_gen__ALL.verilator_deplist.tmp
make: Leaving directory '/c/Users/blazi/Downloads/Dual-FPGA-Trading-Engine/build/verilator/tb_market_noise_gen'
- V e r i l a t i o n   R e p o r t: Verilator 5.046 2026-02-28 rev vUNKNOWN-built20260314
- Verilator: Built from 2.676 MB sources in 28 modules, into 0.415 MB in 8 C++ files needing 0.001 MB
- Verilator: Walltime 6.111 s (elab=0.004, cvt=0.036, bld=5.995); cpu 0.000 s on 16 threads; allocated 21.480 MB
